<?xml version="1.0" encoding="UTF-8"?>
<!-- Generated by org.testng.reporters.JUnitReportReporter -->
<testsuite hostname="Gowtham" failures="0" tests="1" name="testcase.AdactinHotel" time="1.226" errors="0" timestamp="2023-07-13T20:01:59 IST" skipped="0">
  <testcase classname="testcase.AdactinHotel" name="LoginTest" time="1.226"/>
</testsuite> <!-- testcase.AdactinHotel -->
